Added Component: Designator=1(Embase_CI_2_contacts)
Added Component: Designator=2(Embase_CI_2_contacts)
Added Component: Designator=3(Embase_CI_2_contacts)
Added Component: Designator=4(Embase_CI_2_contacts)
Added Component: Designator=5(Embase_CI_2_contacts)
Added Component: Designator=6(Embase_CI_2_contacts)
Added Component: Designator=7(Embase_CI_2_contacts)
Added Component: Designator=8(Embase_CI_2_contacts)
Added Component: Designator=9(Embase_CI_2_contacts)
Added Component: Designator=10(Embase_CI_2_contacts)
Added Component: Designator=11(Embase_CI_2_contacts)
Added Component: Designator=12(Embase_CI_2_contacts)
Added Component: Designator=13(Embase_CI_2_contacts)
Added Component: Designator=14(Embase_CI_2_contacts)
Added Component: Designator=15(Embase_CI_2_contacts)
Added Component: Designator=16(Embase_CI_2_contacts)
Added Component: Designator=17(Embase_CI_2_contacts)
Added Component: Designator=18(Embase_CI_2_contacts)
Added Component: Designator=19(Embase_CI_2_contacts)
Added Component: Designator=20(Embase_CI_2_contacts)
Added Component: Designator=21(Embase_CI_2_contacts)
Added Component: Designator=22(Embase_CI_2_contacts)
Added Component: Designator=23(Embase_CI_2_contacts)
Added Component: Designator=24(Embase_CI_2_contacts)
Added Component: Designator=25(Embase_CI_2_contacts)
Added Component: Designator=26(Embase_CI_2_contacts)
Added Component: Designator=27(Embase_CI_2_contacts)
Added Component: Designator=28(Embase_CI_2_contacts)
Added Component: Designator=29(Embase_CI_2_contacts)
Added Component: Designator=30(Embase_CI_2_contacts)
Added Component: Designator=31(Embase_CI_2_contacts)
Added Component: Designator=32(Embase_CI_2_contacts)
Added Component: Designator=33(Embase_CI_2_contacts)
Added Component: Designator=34(Embase_CI_2_contacts)
Added Component: Designator=35(Embase_CI_2_contacts)
Added Component: Designator=36(Embase_CI_2_contacts)
Added Component: Designator=37(Embase_CI_2_contacts)
Added Component: Designator=38(Embase_CI_2_contacts)
Added Component: Designator=39(Embase_CI_2_contacts)
Added Component: Designator=40(Embase_CI_2_contacts)
Added Component: Designator=41(Embase_CI_2_contacts)
Added Component: Designator=42(Embase_CI_2_contacts)
Added Component: Designator=43(Embase_CI_2_contacts)
Added Component: Designator=44(Embase_CI_2_contacts)
Added Component: Designator=45(Embase_CI_2_contacts)
Added Component: Designator=46(Embase_CI_2_contacts)
Added Component: Designator=47(Embase_CI_2_contacts)
Added Component: Designator=48(Embase_CI_2_contacts)
Added Component: Designator=49(Embase_CI_2_contacts)
Added Component: Designator=50(Embase_CI_2_contacts)
Added Component: Designator=51(Embase_CI_2_contacts)
Added Component: Designator=52(Embase_CI_2_contacts)
Added Component: Designator=53(Embase_CI_2_contacts)
Added Component: Designator=54(Embase_CI_2_contacts)
Added Component: Designator=55(Embase_CI_2_contacts)
Added Component: Designator=56(Embase_CI_2_contacts)
Added Component: Designator=57(Embase_CI_2_contacts)
Added Component: Designator=58(Embase_CI_2_contacts)
Added Component: Designator=59(Embase_CI_2_contacts)
Added Component: Designator=60(Embase_CI_2_contacts)
Added Component: Designator=61(Embase_CI_2_contacts)
Added Component: Designator=62(Embase_CI_2_contacts)
Added Component: Designator=63(Embase_CI_2_contacts)
Added Component: Designator=64(Embase_CI_2_contacts)
Added Component: Designator=65(Embase_CI_2_contacts)
Added Component: Designator=66(Embase_CI_2_contacts)
Added Component: Designator=67(Embase_CI_2_contacts)
Added Component: Designator=68(Embase_CI_2_contacts)
Added Component: Designator=69(Embase_CI_2_contacts)
Added Component: Designator=70(Embase_CI_2_contacts)
Added Component: Designator=71(Embase_CI_2_contacts)
Added Component: Designator=72(Embase_CI_2_contacts)
Added Component: Designator=73(Embase_CI_2_contacts)
Added Component: Designator=74HC595Sparkfun_1(74HC595)
Added Component: Designator=74HC595Sparkfun_2(74HC595)
Added Component: Designator=74HC595Sparkfun_3(74HC595)
Added Component: Designator=74HC595Sparkfun_4(74HC595)
Added Component: Designator=74HC595Sparkfun_5(74HC595)
Added Component: Designator=74HC595Sparkfun_6(74HC595)
Added Component: Designator=74HC595Sparkfun_7(74HC595)
Added Component: Designator=74HC595Sparkfun_8(74HC595)
Added Component: Designator=74HC595Sparkfun_9(74HC595)
Added Component: Designator=74HC595Sparkfun_10(74HC595)
Added Component: Designator=74(Embase_CI_2_contacts)
Added Component: Designator=75(Embase_CI_2_contacts)
Added Component: Designator=Esclave 1(Embase_CI_2_contacts)
Added Component: Designator=Esclave 2(Embase_CI_2_contacts)
Added Component: Designator=Esclave 3(Embase_CI_2_contacts)
Added Component: Designator=Esclave ?(Embase_CI_2_contacts)
Added Component: Designator=Esclave ?(Embase_CI_2_contacts)
Added Component: Designator=Esclave ?(Embase_CI_2_contacts)
Added Component: Designator=Maître(UNO_R3_SHIELD)
Added Component: Designator=R?(AXIAL-0.3)
Added Component: Designator=R?(AXIAL-0.3)
Added Component: Designator=R?(AXIAL-0.3)
Added Component: Designator=R?(AXIAL-0.3)
Added Component: Designator=R?(AXIAL-0.3)
Added Component: Designator=R?(AXIAL-0.3)
Added Component: Designator=R?(AXIAL-0.3)
Added Component: Designator=R?(AXIAL-0.3)
Added Component: Designator=R?(AXIAL-0.3)
Added Component: Designator=R?(AXIAL-0.3)
Added Component: Designator=R?(AXIAL-0.3)
Added Component: Designator=R?(AXIAL-0.3)
Added Component: Designator=R?(AXIAL-0.3)
Added Component: Designator=R?(AXIAL-0.3)
Added Component: Designator=R?(AXIAL-0.3)
Added Component: Designator=R?(AXIAL-0.3)
Added Component: Designator=R?(AXIAL-0.3)
Added Component: Designator=R?(AXIAL-0.3)
Added Component: Designator=R?(AXIAL-0.3)
Added Component: Designator=R?(AXIAL-0.3)
Added Component: Designator=R?(AXIAL-0.3)
Added Component: Designator=R?(AXIAL-0.3)
Added Component: Designator=R?(AXIAL-0.3)
Added Component: Designator=R?(AXIAL-0.3)
Added Component: Designator=R?(AXIAL-0.3)
Added Component: Designator=R?(AXIAL-0.3)
Added Component: Designator=R?(AXIAL-0.3)
Added Component: Designator=R?(AXIAL-0.3)
Added Component: Designator=R?(AXIAL-0.3)
Added Component: Designator=R?(AXIAL-0.3)
Added Component: Designator=R?(AXIAL-0.3)
Added Component: Designator=R?(AXIAL-0.3)
Added Component: Designator=R?(AXIAL-0.3)
Added Component: Designator=R?(AXIAL-0.3)
Added Component: Designator=R?(AXIAL-0.3)
Added Component: Designator=R?(AXIAL-0.3)
Added Component: Designator=R?(AXIAL-0.3)
Added Component: Designator=R?(AXIAL-0.3)
Added Component: Designator=R?(AXIAL-0.3)
Added Component: Designator=R?(AXIAL-0.3)
Added Component: Designator=R?(AXIAL-0.3)
Added Component: Designator=R?(AXIAL-0.3)
Added Component: Designator=R?(AXIAL-0.3)
Added Component: Designator=R?(AXIAL-0.3)
Added Component: Designator=R?(AXIAL-0.3)
Added Component: Designator=R?(AXIAL-0.3)
Added Component: Designator=R?(AXIAL-0.3)
Added Component: Designator=R?(AXIAL-0.3)
Added Component: Designator=R?(AXIAL-0.3)
Added Component: Designator=R?(AXIAL-0.3)
Added Component: Designator=R?(AXIAL-0.3)
Added Component: Designator=R?(AXIAL-0.3)
Added Component: Designator=R?(AXIAL-0.3)
Added Component: Designator=R?(AXIAL-0.3)
Added Component: Designator=R?(AXIAL-0.3)
Added Component: Designator=R?(AXIAL-0.3)
Added Component: Designator=R?(AXIAL-0.3)
Added Component: Designator=R?(AXIAL-0.3)
Added Component: Designator=R?(AXIAL-0.3)
Added Component: Designator=R?(AXIAL-0.3)
Added Component: Designator=R?(AXIAL-0.3)
Added Component: Designator=R?(AXIAL-0.3)
Added Component: Designator=R?(AXIAL-0.3)
Added Component: Designator=R?(AXIAL-0.3)
Added Component: Designator=R?(AXIAL-0.3)
Added Component: Designator=R?(AXIAL-0.3)
Added Component: Designator=R?(AXIAL-0.3)
Added Component: Designator=R?(AXIAL-0.3)
Added Component: Designator=R?(AXIAL-0.3)
Added Component: Designator=R?(AXIAL-0.3)
Added Component: Designator=R?(AXIAL-0.3)
Added Component: Designator=R?(AXIAL-0.3)
Added Component: Designator=R?(AXIAL-0.3)
Added Component: Designator=R?(AXIAL-0.3)
Added Component: Designator=R?(AXIAL-0.3)
Added Pin To Net: NetName=GND Pin=74HC595Sparkfun_1-4
Added Pin To Net: NetName=GND Pin=74HC595Sparkfun_1-6
Added Pin To Net: NetName=GND Pin=74HC595Sparkfun_2-4
Added Pin To Net: NetName=GND Pin=74HC595Sparkfun_2-6
Added Pin To Net: NetName=GND Pin=74HC595Sparkfun_3-4
Added Pin To Net: NetName=GND Pin=74HC595Sparkfun_3-6
Added Pin To Net: NetName=GND Pin=74HC595Sparkfun_4-4
Added Pin To Net: NetName=GND Pin=74HC595Sparkfun_4-6
Added Pin To Net: NetName=GND Pin=74HC595Sparkfun_5-4
Added Pin To Net: NetName=GND Pin=74HC595Sparkfun_5-6
Added Pin To Net: NetName=GND Pin=74HC595Sparkfun_6-4
Added Pin To Net: NetName=GND Pin=74HC595Sparkfun_6-6
Added Pin To Net: NetName=GND Pin=74HC595Sparkfun_7-4
Added Pin To Net: NetName=GND Pin=74HC595Sparkfun_7-6
Added Pin To Net: NetName=GND Pin=74HC595Sparkfun_8-4
Added Pin To Net: NetName=GND Pin=74HC595Sparkfun_8-6
Added Pin To Net: NetName=GND Pin=74HC595Sparkfun_9-4
Added Pin To Net: NetName=GND Pin=74HC595Sparkfun_9-6
Added Pin To Net: NetName=GND Pin=74HC595Sparkfun_10-4
Added Pin To Net: NetName=GND Pin=74HC595Sparkfun_10-6
Added Pin To Net: NetName=GND Pin=Esclave ?-1
Added Pin To Net: NetName=GND Pin=Esclave ?-1
Added Pin To Net: NetName=GND Pin=Esclave ?-1
Added Pin To Net: NetName=GND Pin=Esclave ?-2
Added Pin To Net: NetName=GND Pin=Esclave ?-2
Added Pin To Net: NetName=GND Pin=Esclave ?-2
Added Pin To Net: NetName=GND Pin=Maître-GND@0
Added Pin To Net: NetName=GND Pin=R?-1
Added Pin To Net: NetName=GND Pin=R?-1
Added Pin To Net: NetName=GND Pin=R?-1
Added Pin To Net: NetName=GND Pin=R?-1
Added Pin To Net: NetName=GND Pin=R?-1
Added Pin To Net: NetName=GND Pin=R?-1
Added Pin To Net: NetName=GND Pin=R?-1
Added Pin To Net: NetName=GND Pin=R?-1
Added Pin To Net: NetName=GND Pin=R?-1
Added Pin To Net: NetName=GND Pin=R?-1
Added Pin To Net: NetName=GND Pin=R?-1
Added Pin To Net: NetName=GND Pin=R?-1
Added Pin To Net: NetName=GND Pin=R?-1
Added Pin To Net: NetName=GND Pin=R?-1
Added Pin To Net: NetName=GND Pin=R?-1
Added Pin To Net: NetName=GND Pin=R?-1
Added Pin To Net: NetName=GND Pin=R?-1
Added Pin To Net: NetName=GND Pin=R?-1
Added Pin To Net: NetName=GND Pin=R?-1
Added Pin To Net: NetName=GND Pin=R?-1
Added Pin To Net: NetName=GND Pin=R?-1
Added Pin To Net: NetName=GND Pin=R?-1
Added Pin To Net: NetName=GND Pin=R?-1
Added Pin To Net: NetName=GND Pin=R?-1
Added Pin To Net: NetName=GND Pin=R?-1
Added Pin To Net: NetName=GND Pin=R?-1
Added Pin To Net: NetName=GND Pin=R?-1
Added Pin To Net: NetName=GND Pin=R?-1
Added Pin To Net: NetName=GND Pin=R?-1
Added Pin To Net: NetName=GND Pin=R?-1
Added Pin To Net: NetName=GND Pin=R?-1
Added Pin To Net: NetName=GND Pin=R?-1
Added Pin To Net: NetName=GND Pin=R?-1
Added Pin To Net: NetName=GND Pin=R?-1
Added Pin To Net: NetName=GND Pin=R?-1
Added Pin To Net: NetName=GND Pin=R?-1
Added Pin To Net: NetName=GND Pin=R?-1
Added Pin To Net: NetName=GND Pin=R?-1
Added Pin To Net: NetName=GND Pin=R?-1
Added Pin To Net: NetName=GND Pin=R?-1
Added Pin To Net: NetName=GND Pin=R?-1
Added Pin To Net: NetName=GND Pin=R?-1
Added Pin To Net: NetName=GND Pin=R?-1
Added Pin To Net: NetName=GND Pin=R?-1
Added Pin To Net: NetName=GND Pin=R?-1
Added Pin To Net: NetName=GND Pin=R?-1
Added Pin To Net: NetName=GND Pin=R?-1
Added Pin To Net: NetName=GND Pin=R?-1
Added Pin To Net: NetName=GND Pin=R?-1
Added Pin To Net: NetName=GND Pin=R?-1
Added Pin To Net: NetName=GND Pin=R?-1
Added Pin To Net: NetName=GND Pin=R?-1
Added Pin To Net: NetName=GND Pin=R?-1
Added Pin To Net: NetName=GND Pin=R?-1
Added Pin To Net: NetName=GND Pin=R?-1
Added Pin To Net: NetName=GND Pin=R?-1
Added Pin To Net: NetName=GND Pin=R?-1
Added Pin To Net: NetName=GND Pin=R?-1
Added Pin To Net: NetName=GND Pin=R?-1
Added Pin To Net: NetName=GND Pin=R?-1
Added Pin To Net: NetName=GND Pin=R?-1
Added Pin To Net: NetName=GND Pin=R?-1
Added Pin To Net: NetName=GND Pin=R?-1
Added Pin To Net: NetName=GND Pin=R?-1
Added Pin To Net: NetName=GND Pin=R?-1
Added Pin To Net: NetName=GND Pin=R?-1
Added Pin To Net: NetName=GND Pin=R?-1
Added Pin To Net: NetName=GND Pin=R?-1
Added Pin To Net: NetName=GND Pin=R?-1
Added Pin To Net: NetName=GND Pin=R?-1
Added Pin To Net: NetName=GND Pin=R?-1
Added Pin To Net: NetName=GND Pin=R?-1
Added Pin To Net: NetName=GND Pin=R?-1
Added Pin To Net: NetName=GND Pin=R?-1
Added Pin To Net: NetName=GND Pin=R?-1
Added Net: Name=GND
Added Pin To Net: NetName=Net1_1 Pin=1-1
Added Pin To Net: NetName=Net1_1 Pin=R?-2
Added Net: Name=Net1_1
Added Pin To Net: NetName=Net1_2 Pin=1-2
Added Pin To Net: NetName=Net1_2 Pin=74HC595Sparkfun_1-13
Added Net: Name=Net1_2
Added Pin To Net: NetName=Net2_1 Pin=2-1
Added Pin To Net: NetName=Net2_1 Pin=R?-2
Added Net: Name=Net2_1
Added Pin To Net: NetName=Net2_2 Pin=2-2
Added Pin To Net: NetName=Net2_2 Pin=74HC595Sparkfun_1-12
Added Net: Name=Net2_2
Added Pin To Net: NetName=Net3_1 Pin=3-1
Added Pin To Net: NetName=Net3_1 Pin=R?-2
Added Net: Name=Net3_1
Added Pin To Net: NetName=Net3_2 Pin=3-2
Added Pin To Net: NetName=Net3_2 Pin=74HC595Sparkfun_1-14
Added Net: Name=Net3_2
Added Pin To Net: NetName=Net4_1 Pin=4-1
Added Pin To Net: NetName=Net4_1 Pin=R?-2
Added Net: Name=Net4_1
Added Pin To Net: NetName=Net4_2 Pin=4-2
Added Pin To Net: NetName=Net4_2 Pin=74HC595Sparkfun_1-15
Added Net: Name=Net4_2
Added Pin To Net: NetName=Net5_1 Pin=5-1
Added Pin To Net: NetName=Net5_1 Pin=R?-2
Added Net: Name=Net5_1
Added Pin To Net: NetName=Net5_2 Pin=5-2
Added Pin To Net: NetName=Net5_2 Pin=74HC595Sparkfun_1-16
Added Net: Name=Net5_2
Added Pin To Net: NetName=Net6_1 Pin=6-1
Added Pin To Net: NetName=Net6_1 Pin=R?-2
Added Net: Name=Net6_1
Added Pin To Net: NetName=Net6_2 Pin=6-2
Added Pin To Net: NetName=Net6_2 Pin=74HC595Sparkfun_1-17
Added Net: Name=Net6_2
Added Pin To Net: NetName=Net7_1 Pin=7-1
Added Pin To Net: NetName=Net7_1 Pin=R?-2
Added Net: Name=Net7_1
Added Pin To Net: NetName=Net7_2 Pin=7-2
Added Pin To Net: NetName=Net7_2 Pin=74HC595Sparkfun_1-18
Added Net: Name=Net7_2
Added Pin To Net: NetName=Net8_1 Pin=8-1
Added Pin To Net: NetName=Net8_1 Pin=R?-2
Added Net: Name=Net8_1
Added Pin To Net: NetName=Net8_2 Pin=8-2
Added Pin To Net: NetName=Net8_2 Pin=74HC595Sparkfun_1-19
Added Net: Name=Net8_2
Added Pin To Net: NetName=Net9_1 Pin=9-1
Added Pin To Net: NetName=Net9_1 Pin=R?-2
Added Net: Name=Net9_1
Added Pin To Net: NetName=Net9_2 Pin=9-2
Added Pin To Net: NetName=Net9_2 Pin=74HC595Sparkfun_2-13
Added Net: Name=Net9_2
Added Pin To Net: NetName=Net10_1 Pin=10-1
Added Pin To Net: NetName=Net10_1 Pin=R?-2
Added Net: Name=Net10_1
Added Pin To Net: NetName=Net10_2 Pin=10-2
Added Pin To Net: NetName=Net10_2 Pin=74HC595Sparkfun_2-12
Added Net: Name=Net10_2
Added Pin To Net: NetName=Net11_1 Pin=11-1
Added Pin To Net: NetName=Net11_1 Pin=R?-2
Added Net: Name=Net11_1
Added Pin To Net: NetName=Net11_2 Pin=11-2
Added Pin To Net: NetName=Net11_2 Pin=74HC595Sparkfun_2-14
Added Net: Name=Net11_2
Added Pin To Net: NetName=Net12_1 Pin=12-1
Added Pin To Net: NetName=Net12_1 Pin=R?-2
Added Net: Name=Net12_1
Added Pin To Net: NetName=Net12_2 Pin=12-2
Added Pin To Net: NetName=Net12_2 Pin=74HC595Sparkfun_2-15
Added Net: Name=Net12_2
Added Pin To Net: NetName=Net13_1 Pin=13-1
Added Pin To Net: NetName=Net13_1 Pin=R?-2
Added Net: Name=Net13_1
Added Pin To Net: NetName=Net13_2 Pin=13-2
Added Pin To Net: NetName=Net13_2 Pin=74HC595Sparkfun_2-16
Added Net: Name=Net13_2
Added Pin To Net: NetName=Net14_1 Pin=14-1
Added Pin To Net: NetName=Net14_1 Pin=R?-2
Added Net: Name=Net14_1
Added Pin To Net: NetName=Net14_2 Pin=14-2
Added Pin To Net: NetName=Net14_2 Pin=74HC595Sparkfun_2-17
Added Net: Name=Net14_2
Added Pin To Net: NetName=Net15_1 Pin=15-1
Added Pin To Net: NetName=Net15_1 Pin=R?-2
Added Net: Name=Net15_1
Added Pin To Net: NetName=Net15_2 Pin=15-2
Added Pin To Net: NetName=Net15_2 Pin=74HC595Sparkfun_2-18
Added Net: Name=Net15_2
Added Pin To Net: NetName=Net16_1 Pin=16-1
Added Pin To Net: NetName=Net16_1 Pin=R?-2
Added Net: Name=Net16_1
Added Pin To Net: NetName=Net16_2 Pin=16-2
Added Pin To Net: NetName=Net16_2 Pin=74HC595Sparkfun_2-19
Added Net: Name=Net16_2
Added Pin To Net: NetName=Net17_1 Pin=17-1
Added Pin To Net: NetName=Net17_1 Pin=R?-2
Added Net: Name=Net17_1
Added Pin To Net: NetName=Net17_2 Pin=17-2
Added Pin To Net: NetName=Net17_2 Pin=74HC595Sparkfun_3-13
Added Net: Name=Net17_2
Added Pin To Net: NetName=Net18_1 Pin=18-1
Added Pin To Net: NetName=Net18_1 Pin=R?-2
Added Net: Name=Net18_1
Added Pin To Net: NetName=Net18_2 Pin=18-2
Added Pin To Net: NetName=Net18_2 Pin=74HC595Sparkfun_3-12
Added Net: Name=Net18_2
Added Pin To Net: NetName=Net19_1 Pin=19-1
Added Pin To Net: NetName=Net19_1 Pin=R?-2
Added Net: Name=Net19_1
Added Pin To Net: NetName=Net19_2 Pin=19-2
Added Pin To Net: NetName=Net19_2 Pin=74HC595Sparkfun_3-14
Added Net: Name=Net19_2
Added Pin To Net: NetName=Net20_1 Pin=20-1
Added Pin To Net: NetName=Net20_1 Pin=R?-2
Added Net: Name=Net20_1
Added Pin To Net: NetName=Net20_2 Pin=20-2
Added Pin To Net: NetName=Net20_2 Pin=74HC595Sparkfun_3-15
Added Net: Name=Net20_2
Added Pin To Net: NetName=Net21_1 Pin=21-1
Added Pin To Net: NetName=Net21_1 Pin=R?-2
Added Net: Name=Net21_1
Added Pin To Net: NetName=Net21_2 Pin=21-2
Added Pin To Net: NetName=Net21_2 Pin=74HC595Sparkfun_3-16
Added Net: Name=Net21_2
Added Pin To Net: NetName=Net22_1 Pin=22-1
Added Pin To Net: NetName=Net22_1 Pin=R?-2
Added Net: Name=Net22_1
Added Pin To Net: NetName=Net22_2 Pin=22-2
Added Pin To Net: NetName=Net22_2 Pin=74HC595Sparkfun_3-17
Added Net: Name=Net22_2
Added Pin To Net: NetName=Net23_1 Pin=23-1
Added Pin To Net: NetName=Net23_1 Pin=R?-2
Added Net: Name=Net23_1
Added Pin To Net: NetName=Net23_2 Pin=23-2
Added Pin To Net: NetName=Net23_2 Pin=74HC595Sparkfun_3-18
Added Net: Name=Net23_2
Added Pin To Net: NetName=Net24_1 Pin=24-1
Added Pin To Net: NetName=Net24_1 Pin=R?-2
Added Net: Name=Net24_1
Added Pin To Net: NetName=Net24_2 Pin=24-2
Added Pin To Net: NetName=Net24_2 Pin=74HC595Sparkfun_3-19
Added Net: Name=Net24_2
Added Pin To Net: NetName=Net25_1 Pin=25-1
Added Pin To Net: NetName=Net25_1 Pin=R?-2
Added Net: Name=Net25_1
Added Pin To Net: NetName=Net25_2 Pin=25-2
Added Pin To Net: NetName=Net25_2 Pin=74HC595Sparkfun_4-13
Added Net: Name=Net25_2
Added Pin To Net: NetName=Net26_1 Pin=26-1
Added Pin To Net: NetName=Net26_1 Pin=R?-2
Added Net: Name=Net26_1
Added Pin To Net: NetName=Net26_2 Pin=26-2
Added Pin To Net: NetName=Net26_2 Pin=74HC595Sparkfun_4-12
Added Net: Name=Net26_2
Added Pin To Net: NetName=Net27_1 Pin=27-1
Added Pin To Net: NetName=Net27_1 Pin=R?-2
Added Net: Name=Net27_1
Added Pin To Net: NetName=Net27_2 Pin=27-2
Added Pin To Net: NetName=Net27_2 Pin=74HC595Sparkfun_4-14
Added Net: Name=Net27_2
Added Pin To Net: NetName=Net28_1 Pin=28-1
Added Pin To Net: NetName=Net28_1 Pin=R?-2
Added Net: Name=Net28_1
Added Pin To Net: NetName=Net28_2 Pin=28-2
Added Pin To Net: NetName=Net28_2 Pin=74HC595Sparkfun_4-15
Added Net: Name=Net28_2
Added Pin To Net: NetName=Net29_1 Pin=29-1
Added Pin To Net: NetName=Net29_1 Pin=R?-2
Added Net: Name=Net29_1
Added Pin To Net: NetName=Net29_2 Pin=29-2
Added Pin To Net: NetName=Net29_2 Pin=74HC595Sparkfun_4-16
Added Net: Name=Net29_2
Added Pin To Net: NetName=Net30_1 Pin=30-1
Added Pin To Net: NetName=Net30_1 Pin=R?-2
Added Net: Name=Net30_1
Added Pin To Net: NetName=Net30_2 Pin=30-2
Added Pin To Net: NetName=Net30_2 Pin=74HC595Sparkfun_4-17
Added Net: Name=Net30_2
Added Pin To Net: NetName=Net31_1 Pin=31-1
Added Pin To Net: NetName=Net31_1 Pin=R?-2
Added Net: Name=Net31_1
Added Pin To Net: NetName=Net31_2 Pin=31-2
Added Pin To Net: NetName=Net31_2 Pin=74HC595Sparkfun_4-18
Added Net: Name=Net31_2
Added Pin To Net: NetName=Net32_1 Pin=32-1
Added Pin To Net: NetName=Net32_1 Pin=R?-2
Added Net: Name=Net32_1
Added Pin To Net: NetName=Net32_2 Pin=32-2
Added Pin To Net: NetName=Net32_2 Pin=74HC595Sparkfun_4-19
Added Net: Name=Net32_2
Added Pin To Net: NetName=Net33_1 Pin=33-1
Added Pin To Net: NetName=Net33_1 Pin=R?-2
Added Net: Name=Net33_1
Added Pin To Net: NetName=Net33_2 Pin=33-2
Added Pin To Net: NetName=Net33_2 Pin=74HC595Sparkfun_5-13
Added Net: Name=Net33_2
Added Pin To Net: NetName=Net34_1 Pin=34-1
Added Pin To Net: NetName=Net34_1 Pin=R?-2
Added Net: Name=Net34_1
Added Pin To Net: NetName=Net34_2 Pin=34-2
Added Pin To Net: NetName=Net34_2 Pin=74HC595Sparkfun_5-12
Added Net: Name=Net34_2
Added Pin To Net: NetName=Net35_1 Pin=35-1
Added Pin To Net: NetName=Net35_1 Pin=R?-2
Added Net: Name=Net35_1
Added Pin To Net: NetName=Net35_2 Pin=35-2
Added Pin To Net: NetName=Net35_2 Pin=74HC595Sparkfun_5-14
Added Net: Name=Net35_2
Added Pin To Net: NetName=Net36_1 Pin=36-1
Added Pin To Net: NetName=Net36_1 Pin=R?-2
Added Net: Name=Net36_1
Added Pin To Net: NetName=Net36_2 Pin=36-2
Added Pin To Net: NetName=Net36_2 Pin=74HC595Sparkfun_5-15
Added Net: Name=Net36_2
Added Pin To Net: NetName=Net37_1 Pin=37-1
Added Pin To Net: NetName=Net37_1 Pin=R?-2
Added Net: Name=Net37_1
Added Pin To Net: NetName=Net37_2 Pin=37-2
Added Pin To Net: NetName=Net37_2 Pin=74HC595Sparkfun_5-16
Added Net: Name=Net37_2
Added Pin To Net: NetName=Net38_1 Pin=38-1
Added Pin To Net: NetName=Net38_1 Pin=R?-2
Added Net: Name=Net38_1
Added Pin To Net: NetName=Net38_2 Pin=38-2
Added Pin To Net: NetName=Net38_2 Pin=74HC595Sparkfun_5-17
Added Net: Name=Net38_2
Added Pin To Net: NetName=Net39_1 Pin=39-1
Added Pin To Net: NetName=Net39_1 Pin=R?-2
Added Net: Name=Net39_1
Added Pin To Net: NetName=Net39_2 Pin=39-2
Added Pin To Net: NetName=Net39_2 Pin=74HC595Sparkfun_5-18
Added Net: Name=Net39_2
Added Pin To Net: NetName=Net40_1 Pin=40-1
Added Pin To Net: NetName=Net40_1 Pin=R?-2
Added Net: Name=Net40_1
Added Pin To Net: NetName=Net40_2 Pin=40-2
Added Pin To Net: NetName=Net40_2 Pin=74HC595Sparkfun_5-19
Added Net: Name=Net40_2
Added Pin To Net: NetName=Net41_1 Pin=41-1
Added Pin To Net: NetName=Net41_1 Pin=R?-2
Added Net: Name=Net41_1
Added Pin To Net: NetName=Net41_2 Pin=41-2
Added Pin To Net: NetName=Net41_2 Pin=74HC595Sparkfun_6-13
Added Net: Name=Net41_2
Added Pin To Net: NetName=Net42_1 Pin=42-1
Added Pin To Net: NetName=Net42_1 Pin=R?-2
Added Net: Name=Net42_1
Added Pin To Net: NetName=Net42_2 Pin=42-2
Added Pin To Net: NetName=Net42_2 Pin=74HC595Sparkfun_6-12
Added Net: Name=Net42_2
Added Pin To Net: NetName=Net43_1 Pin=43-1
Added Pin To Net: NetName=Net43_1 Pin=R?-2
Added Net: Name=Net43_1
Added Pin To Net: NetName=Net43_2 Pin=43-2
Added Pin To Net: NetName=Net43_2 Pin=74HC595Sparkfun_6-14
Added Net: Name=Net43_2
Added Pin To Net: NetName=Net44_1 Pin=44-1
Added Pin To Net: NetName=Net44_1 Pin=R?-2
Added Net: Name=Net44_1
Added Pin To Net: NetName=Net44_2 Pin=44-2
Added Pin To Net: NetName=Net44_2 Pin=74HC595Sparkfun_6-15
Added Net: Name=Net44_2
Added Pin To Net: NetName=Net45_1 Pin=45-1
Added Pin To Net: NetName=Net45_1 Pin=R?-2
Added Net: Name=Net45_1
Added Pin To Net: NetName=Net45_2 Pin=45-2
Added Pin To Net: NetName=Net45_2 Pin=74HC595Sparkfun_6-16
Added Net: Name=Net45_2
Added Pin To Net: NetName=Net46_1 Pin=46-1
Added Pin To Net: NetName=Net46_1 Pin=R?-2
Added Net: Name=Net46_1
Added Pin To Net: NetName=Net46_2 Pin=46-2
Added Pin To Net: NetName=Net46_2 Pin=74HC595Sparkfun_6-17
Added Net: Name=Net46_2
Added Pin To Net: NetName=Net47_1 Pin=47-1
Added Pin To Net: NetName=Net47_1 Pin=R?-2
Added Net: Name=Net47_1
Added Pin To Net: NetName=Net47_2 Pin=47-2
Added Pin To Net: NetName=Net47_2 Pin=74HC595Sparkfun_6-18
Added Net: Name=Net47_2
Added Pin To Net: NetName=Net48_1 Pin=48-1
Added Pin To Net: NetName=Net48_1 Pin=R?-2
Added Net: Name=Net48_1
Added Pin To Net: NetName=Net48_2 Pin=48-2
Added Pin To Net: NetName=Net48_2 Pin=74HC595Sparkfun_6-19
Added Net: Name=Net48_2
Added Pin To Net: NetName=Net49_1 Pin=49-1
Added Pin To Net: NetName=Net49_1 Pin=R?-2
Added Net: Name=Net49_1
Added Pin To Net: NetName=Net49_2 Pin=49-2
Added Pin To Net: NetName=Net49_2 Pin=74HC595Sparkfun_7-13
Added Net: Name=Net49_2
Added Pin To Net: NetName=Net50_1 Pin=50-1
Added Pin To Net: NetName=Net50_1 Pin=R?-2
Added Net: Name=Net50_1
Added Pin To Net: NetName=Net50_2 Pin=50-2
Added Pin To Net: NetName=Net50_2 Pin=74HC595Sparkfun_7-12
Added Net: Name=Net50_2
Added Pin To Net: NetName=Net51_1 Pin=51-1
Added Pin To Net: NetName=Net51_1 Pin=R?-2
Added Net: Name=Net51_1
Added Pin To Net: NetName=Net51_2 Pin=51-2
Added Pin To Net: NetName=Net51_2 Pin=74HC595Sparkfun_7-14
Added Net: Name=Net51_2
Added Pin To Net: NetName=Net52_1 Pin=52-1
Added Pin To Net: NetName=Net52_1 Pin=R?-2
Added Net: Name=Net52_1
Added Pin To Net: NetName=Net52_2 Pin=52-2
Added Pin To Net: NetName=Net52_2 Pin=74HC595Sparkfun_7-15
Added Net: Name=Net52_2
Added Pin To Net: NetName=Net53_1 Pin=53-1
Added Pin To Net: NetName=Net53_1 Pin=R?-2
Added Net: Name=Net53_1
Added Pin To Net: NetName=Net53_2 Pin=53-2
Added Pin To Net: NetName=Net53_2 Pin=74HC595Sparkfun_7-16
Added Net: Name=Net53_2
Added Pin To Net: NetName=Net54_1 Pin=54-1
Added Pin To Net: NetName=Net54_1 Pin=R?-2
Added Net: Name=Net54_1
Added Pin To Net: NetName=Net54_2 Pin=54-2
Added Pin To Net: NetName=Net54_2 Pin=74HC595Sparkfun_7-17
Added Net: Name=Net54_2
Added Pin To Net: NetName=Net55_1 Pin=55-1
Added Pin To Net: NetName=Net55_1 Pin=R?-2
Added Net: Name=Net55_1
Added Pin To Net: NetName=Net55_2 Pin=55-2
Added Pin To Net: NetName=Net55_2 Pin=74HC595Sparkfun_7-18
Added Net: Name=Net55_2
Added Pin To Net: NetName=Net56_1 Pin=56-1
Added Pin To Net: NetName=Net56_1 Pin=R?-2
Added Net: Name=Net56_1
Added Pin To Net: NetName=Net56_2 Pin=56-2
Added Pin To Net: NetName=Net56_2 Pin=74HC595Sparkfun_7-19
Added Net: Name=Net56_2
Added Pin To Net: NetName=Net57_1 Pin=57-1
Added Pin To Net: NetName=Net57_1 Pin=R?-2
Added Net: Name=Net57_1
Added Pin To Net: NetName=Net57_2 Pin=57-2
Added Pin To Net: NetName=Net57_2 Pin=74HC595Sparkfun_8-13
Added Net: Name=Net57_2
Added Pin To Net: NetName=Net58_1 Pin=58-1
Added Pin To Net: NetName=Net58_1 Pin=R?-2
Added Net: Name=Net58_1
Added Pin To Net: NetName=Net58_2 Pin=58-2
Added Pin To Net: NetName=Net58_2 Pin=74HC595Sparkfun_8-12
Added Net: Name=Net58_2
Added Pin To Net: NetName=Net59_1 Pin=59-1
Added Pin To Net: NetName=Net59_1 Pin=R?-2
Added Net: Name=Net59_1
Added Pin To Net: NetName=Net59_2 Pin=59-2
Added Pin To Net: NetName=Net59_2 Pin=74HC595Sparkfun_8-14
Added Net: Name=Net59_2
Added Pin To Net: NetName=Net60_1 Pin=60-1
Added Pin To Net: NetName=Net60_1 Pin=R?-2
Added Net: Name=Net60_1
Added Pin To Net: NetName=Net60_2 Pin=60-2
Added Pin To Net: NetName=Net60_2 Pin=74HC595Sparkfun_8-15
Added Net: Name=Net60_2
Added Pin To Net: NetName=Net61_1 Pin=61-1
Added Pin To Net: NetName=Net61_1 Pin=R?-2
Added Net: Name=Net61_1
Added Pin To Net: NetName=Net61_2 Pin=61-2
Added Pin To Net: NetName=Net61_2 Pin=74HC595Sparkfun_8-16
Added Net: Name=Net61_2
Added Pin To Net: NetName=Net62_1 Pin=62-1
Added Pin To Net: NetName=Net62_1 Pin=R?-2
Added Net: Name=Net62_1
Added Pin To Net: NetName=Net62_2 Pin=62-2
Added Pin To Net: NetName=Net62_2 Pin=74HC595Sparkfun_8-17
Added Net: Name=Net62_2
Added Pin To Net: NetName=Net63_1 Pin=63-1
Added Pin To Net: NetName=Net63_1 Pin=R?-2
Added Net: Name=Net63_1
Added Pin To Net: NetName=Net63_2 Pin=63-2
Added Pin To Net: NetName=Net63_2 Pin=74HC595Sparkfun_8-18
Added Net: Name=Net63_2
Added Pin To Net: NetName=Net64_1 Pin=64-1
Added Pin To Net: NetName=Net64_1 Pin=R?-2
Added Net: Name=Net64_1
Added Pin To Net: NetName=Net64_2 Pin=64-2
Added Pin To Net: NetName=Net64_2 Pin=74HC595Sparkfun_8-19
Added Net: Name=Net64_2
Added Pin To Net: NetName=Net65_1 Pin=65-1
Added Pin To Net: NetName=Net65_1 Pin=R?-2
Added Net: Name=Net65_1
Added Pin To Net: NetName=Net65_2 Pin=65-2
Added Pin To Net: NetName=Net65_2 Pin=74HC595Sparkfun_9-13
Added Net: Name=Net65_2
Added Pin To Net: NetName=Net66_1 Pin=66-1
Added Pin To Net: NetName=Net66_1 Pin=R?-2
Added Net: Name=Net66_1
Added Pin To Net: NetName=Net66_2 Pin=66-2
Added Pin To Net: NetName=Net66_2 Pin=74HC595Sparkfun_9-12
Added Net: Name=Net66_2
Added Pin To Net: NetName=Net67_1 Pin=67-1
Added Pin To Net: NetName=Net67_1 Pin=R?-2
Added Net: Name=Net67_1
Added Pin To Net: NetName=Net67_2 Pin=67-2
Added Pin To Net: NetName=Net67_2 Pin=74HC595Sparkfun_9-14
Added Net: Name=Net67_2
Added Pin To Net: NetName=Net68_1 Pin=68-1
Added Pin To Net: NetName=Net68_1 Pin=R?-2
Added Net: Name=Net68_1
Added Pin To Net: NetName=Net68_2 Pin=68-2
Added Pin To Net: NetName=Net68_2 Pin=74HC595Sparkfun_9-15
Added Net: Name=Net68_2
Added Pin To Net: NetName=Net69_1 Pin=69-1
Added Pin To Net: NetName=Net69_1 Pin=R?-2
Added Net: Name=Net69_1
Added Pin To Net: NetName=Net69_2 Pin=69-2
Added Pin To Net: NetName=Net69_2 Pin=74HC595Sparkfun_9-16
Added Net: Name=Net69_2
Added Pin To Net: NetName=Net70_1 Pin=70-1
Added Pin To Net: NetName=Net70_1 Pin=R?-2
Added Net: Name=Net70_1
Added Pin To Net: NetName=Net70_2 Pin=70-2
Added Pin To Net: NetName=Net70_2 Pin=74HC595Sparkfun_9-17
Added Net: Name=Net70_2
Added Pin To Net: NetName=Net71_1 Pin=71-1
Added Pin To Net: NetName=Net71_1 Pin=R?-2
Added Net: Name=Net71_1
Added Pin To Net: NetName=Net71_2 Pin=71-2
Added Pin To Net: NetName=Net71_2 Pin=74HC595Sparkfun_9-18
Added Net: Name=Net71_2
Added Pin To Net: NetName=Net72_1 Pin=72-1
Added Pin To Net: NetName=Net72_1 Pin=R?-2
Added Net: Name=Net72_1
Added Pin To Net: NetName=Net72_2 Pin=72-2
Added Pin To Net: NetName=Net72_2 Pin=74HC595Sparkfun_9-19
Added Net: Name=Net72_2
Added Pin To Net: NetName=Net73_1 Pin=73-1
Added Pin To Net: NetName=Net73_1 Pin=R?-2
Added Net: Name=Net73_1
Added Pin To Net: NetName=Net73_2 Pin=73-2
Added Pin To Net: NetName=Net73_2 Pin=74HC595Sparkfun_10-13
Added Net: Name=Net73_2
Added Pin To Net: NetName=Net74_1 Pin=74-1
Added Pin To Net: NetName=Net74_1 Pin=R?-2
Added Net: Name=Net74_1
Added Pin To Net: NetName=Net74_2 Pin=74-2
Added Pin To Net: NetName=Net74_2 Pin=74HC595Sparkfun_10-12
Added Net: Name=Net74_2
Added Pin To Net: NetName=Net74HC595Sparkfun_1_7 Pin=74HC595Sparkfun_1-7
Added Pin To Net: NetName=Net74HC595Sparkfun_1_7 Pin=74HC595Sparkfun_2-7
Added Pin To Net: NetName=Net74HC595Sparkfun_1_7 Pin=74HC595Sparkfun_3-7
Added Pin To Net: NetName=Net74HC595Sparkfun_1_7 Pin=74HC595Sparkfun_4-7
Added Pin To Net: NetName=Net74HC595Sparkfun_1_7 Pin=74HC595Sparkfun_5-7
Added Pin To Net: NetName=Net74HC595Sparkfun_1_7 Pin=74HC595Sparkfun_6-7
Added Pin To Net: NetName=Net74HC595Sparkfun_1_7 Pin=74HC595Sparkfun_7-7
Added Pin To Net: NetName=Net74HC595Sparkfun_1_7 Pin=74HC595Sparkfun_8-7
Added Pin To Net: NetName=Net74HC595Sparkfun_1_7 Pin=74HC595Sparkfun_9-7
Added Pin To Net: NetName=Net74HC595Sparkfun_1_7 Pin=74HC595Sparkfun_10-7
Added Pin To Net: NetName=Net74HC595Sparkfun_1_7 Pin=Maître-D12
Added Net: Name=Net74HC595Sparkfun_1_7
Added Pin To Net: NetName=Net74HC595Sparkfun_1_8 Pin=74HC595Sparkfun_1-8
Added Pin To Net: NetName=Net74HC595Sparkfun_1_8 Pin=74HC595Sparkfun_2-8
Added Pin To Net: NetName=Net74HC595Sparkfun_1_8 Pin=74HC595Sparkfun_3-8
Added Pin To Net: NetName=Net74HC595Sparkfun_1_8 Pin=74HC595Sparkfun_4-8
Added Pin To Net: NetName=Net74HC595Sparkfun_1_8 Pin=74HC595Sparkfun_5-8
Added Pin To Net: NetName=Net74HC595Sparkfun_1_8 Pin=74HC595Sparkfun_6-8
Added Pin To Net: NetName=Net74HC595Sparkfun_1_8 Pin=74HC595Sparkfun_7-8
Added Pin To Net: NetName=Net74HC595Sparkfun_1_8 Pin=74HC595Sparkfun_8-8
Added Pin To Net: NetName=Net74HC595Sparkfun_1_8 Pin=74HC595Sparkfun_9-8
Added Pin To Net: NetName=Net74HC595Sparkfun_1_8 Pin=74HC595Sparkfun_10-8
Added Pin To Net: NetName=Net74HC595Sparkfun_1_8 Pin=Maître-D8
Added Net: Name=Net74HC595Sparkfun_1_8
Added Pin To Net: NetName=Net74HC595Sparkfun_1_9 Pin=74HC595Sparkfun_1-9
Added Pin To Net: NetName=Net74HC595Sparkfun_1_9 Pin=Maître-D11
Added Net: Name=Net74HC595Sparkfun_1_9
Added Pin To Net: NetName=Net74HC595Sparkfun_1_10 Pin=74HC595Sparkfun_1-10
Added Pin To Net: NetName=Net74HC595Sparkfun_1_10 Pin=74HC595Sparkfun_2-9
Added Net: Name=Net74HC595Sparkfun_1_10
Added Pin To Net: NetName=Net74HC595Sparkfun_2_10 Pin=74HC595Sparkfun_2-10
Added Pin To Net: NetName=Net74HC595Sparkfun_2_10 Pin=74HC595Sparkfun_3-9
Added Net: Name=Net74HC595Sparkfun_2_10
Added Pin To Net: NetName=Net74HC595Sparkfun_3_10 Pin=74HC595Sparkfun_3-10
Added Pin To Net: NetName=Net74HC595Sparkfun_3_10 Pin=74HC595Sparkfun_4-9
Added Net: Name=Net74HC595Sparkfun_3_10
Added Pin To Net: NetName=Net74HC595Sparkfun_4_10 Pin=74HC595Sparkfun_4-10
Added Pin To Net: NetName=Net74HC595Sparkfun_4_10 Pin=74HC595Sparkfun_5-9
Added Net: Name=Net74HC595Sparkfun_4_10
Added Pin To Net: NetName=Net74HC595Sparkfun_5_10 Pin=74HC595Sparkfun_5-10
Added Pin To Net: NetName=Net74HC595Sparkfun_5_10 Pin=74HC595Sparkfun_6-9
Added Net: Name=Net74HC595Sparkfun_5_10
Added Pin To Net: NetName=Net74HC595Sparkfun_6_10 Pin=74HC595Sparkfun_6-10
Added Pin To Net: NetName=Net74HC595Sparkfun_6_10 Pin=74HC595Sparkfun_7-9
Added Net: Name=Net74HC595Sparkfun_6_10
Added Pin To Net: NetName=Net74HC595Sparkfun_7_10 Pin=74HC595Sparkfun_7-10
Added Pin To Net: NetName=Net74HC595Sparkfun_7_10 Pin=74HC595Sparkfun_8-9
Added Net: Name=Net74HC595Sparkfun_7_10
Added Pin To Net: NetName=Net74HC595Sparkfun_8_10 Pin=74HC595Sparkfun_8-10
Added Pin To Net: NetName=Net74HC595Sparkfun_8_10 Pin=74HC595Sparkfun_9-9
Added Net: Name=Net74HC595Sparkfun_8_10
Added Pin To Net: NetName=Net74HC595Sparkfun_9_10 Pin=74HC595Sparkfun_9-10
Added Pin To Net: NetName=Net74HC595Sparkfun_9_10 Pin=74HC595Sparkfun_10-9
Added Net: Name=Net74HC595Sparkfun_9_10
Added Pin To Net: NetName=Net74HC595Sparkfun_10_14 Pin=74HC595Sparkfun_10-14
Added Pin To Net: NetName=Net74HC595Sparkfun_10_14 Pin=75-2
Added Net: Name=Net74HC595Sparkfun_10_14
Added Pin To Net: NetName=Net75_1 Pin=75-1
Added Pin To Net: NetName=Net75_1 Pin=R?-2
Added Net: Name=Net75_1
Added Pin To Net: NetName=NetEsclave 1_1 Pin=Esclave 1-1
Added Pin To Net: NetName=NetEsclave 1_1 Pin=Esclave 2-1
Added Pin To Net: NetName=NetEsclave 1_1 Pin=Esclave 3-1
Added Pin To Net: NetName=NetEsclave 1_1 Pin=Maître-A5
Added Net: Name=NetEsclave 1_1
Added Pin To Net: NetName=NetEsclave 1_2 Pin=Esclave 1-2
Added Pin To Net: NetName=NetEsclave 1_2 Pin=Esclave 2-2
Added Pin To Net: NetName=NetEsclave 1_2 Pin=Esclave 3-2
Added Pin To Net: NetName=NetEsclave 1_2 Pin=Maître-A4
Added Net: Name=NetEsclave 1_2
Added Pin To Net: NetName=VCC Pin=74HC595Sparkfun_1-3
Added Pin To Net: NetName=VCC Pin=74HC595Sparkfun_1-5
Added Pin To Net: NetName=VCC Pin=74HC595Sparkfun_2-3
Added Pin To Net: NetName=VCC Pin=74HC595Sparkfun_2-5
Added Pin To Net: NetName=VCC Pin=74HC595Sparkfun_3-3
Added Pin To Net: NetName=VCC Pin=74HC595Sparkfun_3-5
Added Pin To Net: NetName=VCC Pin=74HC595Sparkfun_4-3
Added Pin To Net: NetName=VCC Pin=74HC595Sparkfun_4-5
Added Pin To Net: NetName=VCC Pin=74HC595Sparkfun_5-3
Added Pin To Net: NetName=VCC Pin=74HC595Sparkfun_5-5
Added Pin To Net: NetName=VCC Pin=74HC595Sparkfun_6-3
Added Pin To Net: NetName=VCC Pin=74HC595Sparkfun_6-5
Added Pin To Net: NetName=VCC Pin=74HC595Sparkfun_7-3
Added Pin To Net: NetName=VCC Pin=74HC595Sparkfun_7-5
Added Pin To Net: NetName=VCC Pin=74HC595Sparkfun_8-3
Added Pin To Net: NetName=VCC Pin=74HC595Sparkfun_8-5
Added Pin To Net: NetName=VCC Pin=74HC595Sparkfun_9-3
Added Pin To Net: NetName=VCC Pin=74HC595Sparkfun_9-5
Added Pin To Net: NetName=VCC Pin=74HC595Sparkfun_10-3
Added Pin To Net: NetName=VCC Pin=74HC595Sparkfun_10-5
Added Pin To Net: NetName=VCC Pin=Maître-5V
Added Net: Name=VCC
Added Class: Name=SchemaM02
